<?xml version="1.0" encoding="UTF-8"?>
<coverage generated="1551368983413" clover="3.2.0">
  <project timestamp="1551368983413" name="All files">
    <metrics statements="27" coveredstatements="19" conditionals="4" coveredconditionals="0" methods="13" coveredmethods="5" elements="44" coveredelements="24" complexity="0" loc="27" ncloc="27" packages="1" files="3" classes="3"/>
    <file name="jestGlobalMocks.js" path="/Users/bounaixvincent/WebstormProjects/jest-preset-angular/src/jestGlobalMocks.js">
      <metrics statements="15" coveredstatements="9" conditionals="4" coveredconditionals="0" methods="7" coveredmethods="1"/>
      <line num="1" count="1" type="stmt"/>
      <line num="2" count="2" type="stmt"/>
      <line num="3" count="2" type="stmt"/>
      <line num="4" count="0" type="cond" truecount="0" falsecount="2"/>
      <line num="5" count="0" type="cond" truecount="0" falsecount="2"/>
      <line num="6" count="0" type="stmt"/>
      <line num="7" count="0" type="stmt"/>
      <line num="11" count="1" type="stmt"/>
      <line num="12" count="1" type="stmt"/>
      <line num="13" count="1" type="stmt"/>
      <line num="14" count="1" type="stmt"/>
      <line num="17" count="1" type="stmt"/>
      <line num="19" count="0" type="stmt"/>
      <line num="29" count="1" type="stmt"/>
      <line num="31" count="0" type="stmt"/>
    </file>
    <file name="sound-player-consumer.js" path="/Users/bounaixvincent/WebstormProjects/jest-preset-angular/src/sound-player-consumer.js">
      <metrics statements="7" coveredstatements="7" conditionals="0" coveredconditionals="0" methods="3" coveredmethods="3"/>
      <line num="1" count="1" type="stmt"/>
      <line num="3" count="1" type="stmt"/>
      <line num="5" count="2" type="stmt"/>
      <line num="8" count="1" type="stmt"/>
      <line num="9" count="1" type="stmt"/>
      <line num="10" count="1" type="stmt"/>
      <line num="12" count="1" type="stmt"/>
    </file>
    <file name="sound-player.js" path="/Users/bounaixvincent/WebstormProjects/jest-preset-angular/src/sound-player.js">
      <metrics statements="5" coveredstatements="3" conditionals="0" coveredconditionals="0" methods="3" coveredmethods="1"/>
      <line num="1" count="1" type="stmt"/>
      <line num="3" count="0" type="stmt"/>
      <line num="6" count="1" type="stmt"/>
      <line num="7" count="0" type="stmt"/>
      <line num="9" count="1" type="stmt"/>
    </file>
  </project>
</coverage>
