TN:
SF:/Users/bounaixvincent/WebstormProjects/jest-preset-angular/src/jestGlobalMocks.js
FN:1,(anonymous_0)
FN:4,(anonymous_1)
FN:5,(anonymous_2)
FN:6,(anonymous_3)
FN:7,(anonymous_4)
FN:18,(anonymous_5)
FN:30,(anonymous_6)
FNF:7
FNH:1
FNDA:2,(anonymous_0)
FNDA:0,(anonymous_1)
FNDA:0,(anonymous_2)
FNDA:0,(anonymous_3)
FNDA:0,(anonymous_4)
FNDA:0,(anonymous_5)
FNDA:0,(anonymous_6)
DA:1,1
DA:2,2
DA:3,2
DA:4,0
DA:5,0
DA:6,0
DA:7,0
DA:11,1
DA:12,1
DA:13,1
DA:14,1
DA:17,1
DA:19,0
DA:29,1
DA:31,0
LF:15
LH:9
BRDA:4,0,0,0
BRDA:4,0,1,0
BRDA:5,1,0,0
BRDA:5,1,1,0
BRF:4
BRH:0
end_of_record
TN:
SF:/Users/bounaixvincent/WebstormProjects/jest-preset-angular/src/sound-player-consumer.js
FN:3,(anonymous_0)
FN:4,SoundPlayerConsumer
FN:8,(anonymous_2)
FNF:3
FNH:3
FNDA:1,(anonymous_0)
FNDA:2,SoundPlayerConsumer
FNDA:1,(anonymous_2)
DA:1,1
DA:3,1
DA:5,2
DA:8,1
DA:9,1
DA:10,1
DA:12,1
LF:7
LH:7
BRF:0
BRH:0
end_of_record
TN:
SF:/Users/bounaixvincent/WebstormProjects/jest-preset-angular/src/sound-player.js
FN:1,(anonymous_0)
FN:2,SoundPlayer
FN:6,(anonymous_2)
FNF:3
FNH:1
FNDA:1,(anonymous_0)
FNDA:0,SoundPlayer
FNDA:0,(anonymous_2)
DA:1,1
DA:3,0
DA:6,1
DA:7,0
DA:9,1
LF:5
LH:3
BRF:0
BRH:0
end_of_record
